<?xml version="1.0" encoding="UTF-8"?>
<!-- Generated by org.testng.reporters.JUnitReportReporter -->
<testsuite skipped="0" hostname="DESKTOP-TP18Q4P" name="com.okr.appium.tests.InstallAPK" tests="1" failures="0" timestamp="27 May 2020 14:40:46 GMT" time="60.263" errors="0">
  <testcase name="install" time="60.263" classname="com.okr.appium.tests.InstallAPK"/>
</testsuite> <!-- com.okr.appium.tests.InstallAPK -->
