<?xml version="1.0" encoding="UTF-8"?>
<!-- Generated by org.testng.reporters.JUnitReportReporter -->
<testsuite skipped="0" hostname="DESKTOP-TP18Q4P" name="com.okr.appium.tests.Sop" tests="1" failures="0" timestamp="25 May 2020 13:14:53 GMT" time="0.027" errors="0">
  <testcase name="sop" time="0.027" classname="com.okr.appium.tests.Sop"/>
</testsuite> <!-- com.okr.appium.tests.Sop -->
